|-----------|-----------|-------------|---------------------------|
| NAMESPACE |   NAME    | TARGET PORT |            URL            |
|-----------|-----------|-------------|---------------------------|
| default   | poke-care |        3000 | http://192.168.49.2:30981 |
|-----------|-----------|-------------|---------------------------|
* Starting tunnel for service poke-care.
|-----------|-----------|-------------|------------------------|
| NAMESPACE |   NAME    | TARGET PORT |          URL           |
|-----------|-----------|-------------|------------------------|
| default   | poke-care |             | http://127.0.0.1:61378 |
|-----------|-----------|-------------|------------------------|
* Opening service default/poke-care in default browser...
! Because you are using a Docker driver on darwin, the terminal needs to be open to run it.
|-----------|-----------|-------------|---------------------------|
| NAMESPACE |   NAME    | TARGET PORT |            URL            |
|-----------|-----------|-------------|---------------------------|
| default   | poke-care |        3000 | http://192.168.49.2:30981 |
|-----------|-----------|-------------|---------------------------|
* Starting tunnel for service poke-care.
|-----------|-----------|-------------|------------------------|
| NAMESPACE |   NAME    | TARGET PORT |          URL           |
|-----------|-----------|-------------|------------------------|
| default   | poke-care |             | http://127.0.0.1:61417 |
|-----------|-----------|-------------|------------------------|
* Opening service default/poke-care in default browser...
! Because you are using a Docker driver on darwin, the terminal needs to be open to run it.
E0503 09:25:33.538740   42457 cert_rotation.go:171] "Unhandled Error" err="key failed with : open /Users/eduardocervantes/.minikube/profiles/minikube/client.crt: no such file or directory" logger="UnhandledError"
E0503 09:25:33.547111   42457 cert_rotation.go:171] "Unhandled Error" err="key failed with : open /Users/eduardocervantes/.minikube/profiles/minikube/client.crt: no such file or directory" logger="UnhandledError"
E0503 09:25:33.559415   42457 cert_rotation.go:171] "Unhandled Error" err="key failed with : open /Users/eduardocervantes/.minikube/profiles/minikube/client.crt: no such file or directory" logger="UnhandledError"
E0503 09:25:33.581651   42457 cert_rotation.go:171] "Unhandled Error" err="key failed with : open /Users/eduardocervantes/.minikube/profiles/minikube/client.crt: no such file or directory" logger="UnhandledError"
E0503 09:25:33.624063   42457 cert_rotation.go:171] "Unhandled Error" err="key failed with : open /Users/eduardocervantes/.minikube/profiles/minikube/client.crt: no such file or directory" logger="UnhandledError"
E0503 09:25:33.706588   42457 cert_rotation.go:171] "Unhandled Error" err="key failed with : open /Users/eduardocervantes/.minikube/profiles/minikube/client.crt: no such file or directory" logger="UnhandledError"
E0503 09:25:33.868273   42457 cert_rotation.go:171] "Unhandled Error" err="key failed with : open /Users/eduardocervantes/.minikube/profiles/minikube/client.crt: no such file or directory" logger="UnhandledError"
E0503 09:25:34.190776   42457 cert_rotation.go:171] "Unhandled Error" err="key failed with : open /Users/eduardocervantes/.minikube/profiles/minikube/client.crt: no such file or directory" logger="UnhandledError"
E0503 09:25:34.833499   42457 cert_rotation.go:171] "Unhandled Error" err="key failed with : open /Users/eduardocervantes/.minikube/profiles/minikube/client.crt: no such file or directory" logger="UnhandledError"
E0503 09:25:36.115388   42457 cert_rotation.go:171] "Unhandled Error" err="key failed with : open /Users/eduardocervantes/.minikube/profiles/minikube/client.crt: no such file or directory" logger="UnhandledError"
E0503 09:25:38.677969   42457 cert_rotation.go:171] "Unhandled Error" err="key failed with : open /Users/eduardocervantes/.minikube/profiles/minikube/client.crt: no such file or directory" logger="UnhandledError"
E0503 09:25:43.800910   42457 cert_rotation.go:171] "Unhandled Error" err="key failed with : open /Users/eduardocervantes/.minikube/profiles/minikube/client.crt: no such file or directory" logger="UnhandledError"
E0503 09:25:54.043465   42457 cert_rotation.go:171] "Unhandled Error" err="key failed with : open /Users/eduardocervantes/.minikube/profiles/minikube/client.crt: no such file or directory" logger="UnhandledError"
E0503 09:26:14.525778   42457 cert_rotation.go:171] "Unhandled Error" err="key failed with : open /Users/eduardocervantes/.minikube/profiles/minikube/client.crt: no such file or directory" logger="UnhandledError"
E0503 09:26:29.415191   42506 cert_rotation.go:171] "Unhandled Error" err="key failed with : open /Users/eduardocervantes/.minikube/profiles/minikube/client.crt: no such file or directory" logger="UnhandledError"
E0503 09:26:29.423786   42506 cert_rotation.go:171] "Unhandled Error" err="key failed with : open /Users/eduardocervantes/.minikube/profiles/minikube/client.crt: no such file or directory" logger="UnhandledError"
E0503 09:26:29.436235   42506 cert_rotation.go:171] "Unhandled Error" err="key failed with : open /Users/eduardocervantes/.minikube/profiles/minikube/client.crt: no such file or directory" logger="UnhandledError"
E0503 09:26:29.458716   42506 cert_rotation.go:171] "Unhandled Error" err="key failed with : open /Users/eduardocervantes/.minikube/profiles/minikube/client.crt: no such file or directory" logger="UnhandledError"
E0503 09:26:29.501042   42506 cert_rotation.go:171] "Unhandled Error" err="key failed with : open /Users/eduardocervantes/.minikube/profiles/minikube/client.crt: no such file or directory" logger="UnhandledError"
E0503 09:26:29.583373   42506 cert_rotation.go:171] "Unhandled Error" err="key failed with : open /Users/eduardocervantes/.minikube/profiles/minikube/client.crt: no such file or directory" logger="UnhandledError"
E0503 09:26:29.745718   42506 cert_rotation.go:171] "Unhandled Error" err="key failed with : open /Users/eduardocervantes/.minikube/profiles/minikube/client.crt: no such file or directory" logger="UnhandledError"
E0503 09:26:30.068201   42506 cert_rotation.go:171] "Unhandled Error" err="key failed with : open /Users/eduardocervantes/.minikube/profiles/minikube/client.crt: no such file or directory" logger="UnhandledError"
E0503 09:26:30.710903   42506 cert_rotation.go:171] "Unhandled Error" err="key failed with : open /Users/eduardocervantes/.minikube/profiles/minikube/client.crt: no such file or directory" logger="UnhandledError"
E0503 09:26:31.993585   42506 cert_rotation.go:171] "Unhandled Error" err="key failed with : open /Users/eduardocervantes/.minikube/profiles/minikube/client.crt: no such file or directory" logger="UnhandledError"
E0503 09:26:34.556070   42506 cert_rotation.go:171] "Unhandled Error" err="key failed with : open /Users/eduardocervantes/.minikube/profiles/minikube/client.crt: no such file or directory" logger="UnhandledError"
E0503 09:26:39.679343   42506 cert_rotation.go:171] "Unhandled Error" err="key failed with : open /Users/eduardocervantes/.minikube/profiles/minikube/client.crt: no such file or directory" logger="UnhandledError"
E0503 09:26:49.923131   42506 cert_rotation.go:171] "Unhandled Error" err="key failed with : open /Users/eduardocervantes/.minikube/profiles/minikube/client.crt: no such file or directory" logger="UnhandledError"
E0503 09:26:55.489284   42457 cert_rotation.go:171] "Unhandled Error" err="key failed with : open /Users/eduardocervantes/.minikube/profiles/minikube/client.crt: no such file or directory" logger="UnhandledError"
E0503 09:27:10.406637   42506 cert_rotation.go:171] "Unhandled Error" err="key failed with : open /Users/eduardocervantes/.minikube/profiles/minikube/client.crt: no such file or directory" logger="UnhandledError"
E0503 09:27:51.369218   42506 cert_rotation.go:171] "Unhandled Error" err="key failed with : open /Users/eduardocervantes/.minikube/profiles/minikube/client.crt: no such file or directory" logger="UnhandledError"
E0503 09:28:17.412631   42457 cert_rotation.go:171] "Unhandled Error" err="key failed with : open /Users/eduardocervantes/.minikube/profiles/minikube/client.crt: no such file or directory" logger="UnhandledError"
E0503 09:29:13.291917   42506 cert_rotation.go:171] "Unhandled Error" err="key failed with : open /Users/eduardocervantes/.minikube/profiles/minikube/client.crt: no such file or directory" logger="UnhandledError"
E0503 09:30:33.535112   42457 cert_rotation.go:171] "Unhandled Error" err="key failed with : open /Users/eduardocervantes/.minikube/profiles/minikube/client.crt: no such file or directory" logger="UnhandledError"
E0503 09:31:01.256162   42457 cert_rotation.go:171] "Unhandled Error" err="key failed with : open /Users/eduardocervantes/.minikube/profiles/minikube/client.crt: no such file or directory" logger="UnhandledError"
E0503 09:31:29.411296   42506 cert_rotation.go:171] "Unhandled Error" err="key failed with : open /Users/eduardocervantes/.minikube/profiles/minikube/client.crt: no such file or directory" logger="UnhandledError"
E0503 09:31:57.135084   42506 cert_rotation.go:171] "Unhandled Error" err="key failed with : open /Users/eduardocervantes/.minikube/profiles/minikube/client.crt: no such file or directory" logger="UnhandledError"
